nov 26, 2023 8:12:25 P. M. PokemonNombre dataPokemon
SEVERE: Sucedio un error al acceder a la API: com.google.gson.stream.MalformedJsonException: Use JsonReader.setLenient(true) to accept malformed JSON at line 1 column 6 path $
nov 26, 2023 8:12:28 P. M. PokemonNombre dataPokemon
SEVERE: Sucedio un error al acceder a la API: com.google.gson.stream.MalformedJsonException: Use JsonReader.setLenient(true) to accept malformed JSON at line 1 column 6 path $
nov 26, 2023 8:35:14 P. M. PokemonNombre dataPokemon
SEVERE: Sucedio un error al acceder a la API: com.google.gson.stream.MalformedJsonException: Use JsonReader.setLenient(true) to accept malformed JSON at line 1 column 6 path $
nov 26, 2023 8:35:17 P. M. PokemonNombre dataPokemon
SEVERE: Sucedio un error al acceder a la API: com.google.gson.stream.MalformedJsonException: Use JsonReader.setLenient(true) to accept malformed JSON at line 1 column 6 path $
nov 26, 2023 8:35:57 P. M. PokemonNombre dataPokemon
SEVERE: Sucedio un error al acceder a la API: com.google.gson.stream.MalformedJsonException: Use JsonReader.setLenient(true) to accept malformed JSON at line 1 column 6 path $
nov 26, 2023 8:35:59 P. M. PokemonNombre dataPokemon
SEVERE: Sucedio un error al acceder a la API: com.google.gson.stream.MalformedJsonException: Use JsonReader.setLenient(true) to accept malformed JSON at line 1 column 6 path $
nov 26, 2023 8:36:07 P. M. PokemonNombre dataPokemon
SEVERE: Sucedio un error al acceder a la API: com.google.gson.stream.MalformedJsonException: Use JsonReader.setLenient(true) to accept malformed JSON at line 1 column 6 path $
nov 26, 2023 8:36:09 P. M. PokemonNombre dataPokemon
SEVERE: Sucedio un error al acceder a la API: com.google.gson.stream.MalformedJsonException: Use JsonReader.setLenient(true) to accept malformed JSON at line 1 column 6 path $
nov 26, 2023 8:36:16 P. M. PokemonNombre dataPokemon
SEVERE: Sucedio un error al acceder a la API: com.google.gson.stream.MalformedJsonException: Use JsonReader.setLenient(true) to accept malformed JSON at line 1 column 6 path $
nov 26, 2023 8:36:16 P. M. PokemonNombre dataPokemon
SEVERE: Sucedio un error al acceder a la API: com.google.gson.stream.MalformedJsonException: Use JsonReader.setLenient(true) to accept malformed JSON at line 1 column 6 path $
nov 26, 2023 8:36:16 P. M. PokemonNombre dataPokemon
SEVERE: Sucedio un error al acceder a la API: com.google.gson.stream.MalformedJsonException: Use JsonReader.setLenient(true) to accept malformed JSON at line 1 column 6 path $
nov 26, 2023 8:36:16 P. M. PokemonNombre dataPokemon
SEVERE: Sucedio un error al acceder a la API: com.google.gson.stream.MalformedJsonException: Use JsonReader.setLenient(true) to accept malformed JSON at line 1 column 6 path $
nov 26, 2023 8:36:41 P. M. PokemonNombre dataPokemon
SEVERE: Sucedio un error al acceder a la API: com.google.gson.stream.MalformedJsonException: Use JsonReader.setLenient(true) to accept malformed JSON at line 1 column 6 path $
nov 26, 2023 8:36:41 P. M. PokemonNombre dataPokemon
SEVERE: Sucedio un error al acceder a la API: com.google.gson.stream.MalformedJsonException: Use JsonReader.setLenient(true) to accept malformed JSON at line 1 column 6 path $
nov 26, 2023 8:36:59 P. M. PokemonNombre dataPokemon
SEVERE: Sucedio un error al acceder a la API: com.google.gson.stream.MalformedJsonException: Use JsonReader.setLenient(true) to accept malformed JSON at line 1 column 6 path $
nov 26, 2023 8:36:59 P. M. PokemonNombre dataPokemon
SEVERE: Sucedio un error al acceder a la API: com.google.gson.stream.MalformedJsonException: Use JsonReader.setLenient(true) to accept malformed JSON at line 1 column 6 path $
nov 26, 2023 8:38:12 P. M. PokemonNombre dataPokemon
SEVERE: Sucedio un error al acceder a la API: bound must be positive
nov 26, 2023 8:38:12 P. M. PokemonNombre dataPokemon
SEVERE: Sucedio un error al acceder a la API: bound must be positive
nov 26, 2023 8:38:35 P. M. PokemonNombre dataPokemon
SEVERE: Sucedio un error al acceder a la API: bound must be positive
nov 26, 2023 8:38:36 P. M. PokemonNombre dataPokemon
SEVERE: Sucedio un error al acceder a la API: bound must be positive
nov 26, 2023 8:38:43 P. M. PokemonNombre dataPokemon
SEVERE: Sucedio un error al acceder a la API: bound must be positive
nov 26, 2023 8:38:43 P. M. PokemonNombre dataPokemon
SEVERE: Sucedio un error al acceder a la API: bound must be positive
nov 26, 2023 8:38:45 P. M. PokemonNombre dataPokemon
SEVERE: Sucedio un error al acceder a la API: bound must be positive
nov 26, 2023 8:38:45 P. M. PokemonNombre dataPokemon
SEVERE: Sucedio un error al acceder a la API: bound must be positive
nov 26, 2023 8:38:47 P. M. PokemonNombre dataPokemon
SEVERE: Sucedio un error al acceder a la API: bound must be positive
nov 26, 2023 8:38:47 P. M. PokemonNombre dataPokemon
SEVERE: Sucedio un error al acceder a la API: bound must be positive
nov 26, 2023 8:38:48 P. M. PokemonNombre dataPokemon
SEVERE: Sucedio un error al acceder a la API: bound must be positive
nov 26, 2023 8:38:48 P. M. PokemonNombre dataPokemon
SEVERE: Sucedio un error al acceder a la API: bound must be positive
nov 26, 2023 8:38:48 P. M. PokemonNombre dataPokemon
SEVERE: Sucedio un error al acceder a la API: bound must be positive
nov 26, 2023 8:38:48 P. M. PokemonNombre dataPokemon
SEVERE: Sucedio un error al acceder a la API: bound must be positive
nov 26, 2023 8:38:48 P. M. PokemonNombre dataPokemon
SEVERE: Sucedio un error al acceder a la API: bound must be positive
nov 26, 2023 8:38:48 P. M. PokemonNombre dataPokemon
SEVERE: Sucedio un error al acceder a la API: bound must be positive
nov 26, 2023 8:38:49 P. M. PokemonNombre dataPokemon
SEVERE: Sucedio un error al acceder a la API: bound must be positive
nov 26, 2023 8:38:49 P. M. PokemonNombre dataPokemon
SEVERE: Sucedio un error al acceder a la API: bound must be positive
nov 26, 2023 8:39:34 P. M. PokemonNombre dataPokemon
SEVERE: Sucedio un error al acceder a la API: bound must be positive
nov 26, 2023 8:39:34 P. M. PokemonNombre dataPokemon
SEVERE: Sucedio un error al acceder a la API: bound must be positive
nov 26, 2023 8:39:49 P. M. PokemonNombre dataPokemon
SEVERE: Sucedio un error al acceder a la API: bound must be positive
nov 26, 2023 8:39:49 P. M. PokemonNombre dataPokemon
SEVERE: Sucedio un error al acceder a la API: bound must be positive
nov 26, 2023 8:39:51 P. M. PokemonNombre dataPokemon
SEVERE: Sucedio un error al acceder a la API: bound must be positive
nov 26, 2023 8:39:51 P. M. PokemonNombre dataPokemon
SEVERE: Sucedio un error al acceder a la API: bound must be positive
nov 26, 2023 8:39:51 P. M. PokemonNombre dataPokemon
SEVERE: Sucedio un error al acceder a la API: bound must be positive
nov 26, 2023 8:39:51 P. M. PokemonNombre dataPokemon
SEVERE: Sucedio un error al acceder a la API: bound must be positive
nov 26, 2023 8:39:51 P. M. PokemonNombre dataPokemon
SEVERE: Sucedio un error al acceder a la API: bound must be positive
nov 26, 2023 8:39:52 P. M. PokemonNombre dataPokemon
SEVERE: Sucedio un error al acceder a la API: bound must be positive
nov 26, 2023 8:39:52 P. M. PokemonNombre dataPokemon
SEVERE: Sucedio un error al acceder a la API: bound must be positive
nov 26, 2023 8:39:52 P. M. PokemonNombre dataPokemon
SEVERE: Sucedio un error al acceder a la API: bound must be positive
nov 26, 2023 8:39:52 P. M. PokemonNombre dataPokemon
SEVERE: Sucedio un error al acceder a la API: bound must be positive
nov 26, 2023 8:39:52 P. M. PokemonNombre dataPokemon
SEVERE: Sucedio un error al acceder a la API: bound must be positive
nov 26, 2023 8:40:39 P. M. PokemonNombre dataPokemon
SEVERE: Sucedio un error al acceder a la API: bound must be positive
nov 26, 2023 8:40:39 P. M. PokemonNombre dataPokemon
SEVERE: Sucedio un error al acceder a la API: bound must be positive
nov 27, 2023 6:46:44 P. M. PokemonNombre dataPokemon
SEVERE: Sucedio un error al acceder a la API: bound must be positive
nov 27, 2023 6:46:45 P. M. PokemonNombre dataPokemon
SEVERE: Sucedio un error al acceder a la API: bound must be positive
nov 27, 2023 6:46:53 P. M. PokemonNombre dataPokemon
SEVERE: Sucedio un error al acceder a la API: bound must be positive
nov 27, 2023 6:47:25 P. M. PokemonNombre dataPokemon
SEVERE: Sucedio un error al acceder a la API: com.google.gson.stream.MalformedJsonException: Use JsonReader.setLenient(true) to accept malformed JSON at line 1 column 6 path $
nov 27, 2023 6:47:26 P. M. PokemonNombre dataPokemon
SEVERE: Sucedio un error al acceder a la API: com.google.gson.stream.MalformedJsonException: Use JsonReader.setLenient(true) to accept malformed JSON at line 1 column 6 path $
nov 27, 2023 6:48:18 P. M. PokemonNombre dataPokemon
SEVERE: Sucedio un error al acceder a la API: bound must be positive
nov 27, 2023 6:49:38 P. M. PokemonNombre dataPokemon
SEVERE: Sucedio un error al acceder a la API: JsonNull
nov 27, 2023 6:49:56 P. M. PokemonNombre dataPokemon
SEVERE: Sucedio un error al acceder a la API: JsonNull
nov 27, 2023 6:49:59 P. M. PokemonNombre dataPokemon
SEVERE: Sucedio un error al acceder a la API: JsonNull
nov 27, 2023 6:50:00 P. M. PokemonNombre dataPokemon
SEVERE: Sucedio un error al acceder a la API: JsonNull
nov 27, 2023 6:50:04 P. M. PokemonNombre dataPokemon
SEVERE: Sucedio un error al acceder a la API: JsonNull
nov 27, 2023 6:50:05 P. M. PokemonNombre dataPokemon
SEVERE: Sucedio un error al acceder a la API: JsonNull
nov 27, 2023 6:50:10 P. M. PokemonNombre dataPokemon
SEVERE: Sucedio un error al acceder a la API: JsonNull
nov 27, 2023 6:50:12 P. M. PokemonNombre dataPokemon
SEVERE: Sucedio un error al acceder a la API: JsonNull
nov 27, 2023 6:50:14 P. M. PokemonNombre dataPokemon
SEVERE: Sucedio un error al acceder a la API: JsonNull
nov 27, 2023 6:50:35 P. M. PokemonNombre dataPokemon
SEVERE: Sucedio un error al acceder a la API: JsonNull
nov 27, 2023 6:50:52 P. M. PokemonNombre dataPokemon
SEVERE: Sucedio un error al acceder a la API: JsonNull
nov 27, 2023 6:51:34 P. M. PokemonNombre dataPokemon
SEVERE: Sucedio un error al acceder a la API: JsonNull
nov 27, 2023 6:51:37 P. M. PokemonNombre dataPokemon
SEVERE: Sucedio un error al acceder a la API: JsonNull
nov 27, 2023 6:51:42 P. M. PokemonNombre dataPokemon
SEVERE: Sucedio un error al acceder a la API: JsonNull
nov 27, 2023 6:51:45 P. M. PokemonNombre dataPokemon
SEVERE: Sucedio un error al acceder a la API: JsonNull
nov 27, 2023 6:51:45 P. M. PokemonNombre dataPokemon
SEVERE: Sucedio un error al acceder a la API: JsonNull
nov 27, 2023 6:52:24 P. M. PokemonNombre dataPokemon
SEVERE: Sucedio un error al acceder a la API: bound must be positive
nov 27, 2023 6:58:26 P. M. PokemonNombre dataPokemon
SEVERE: Sucedio un error al acceder a la API: JsonNull
nov 29, 2023 9:54:01 A. M. PokemonNombre dataPokemon
SEVERE: Sucedio un error al acceder a la API: bound must be positive
nov 29, 2023 9:54:52 A. M. PokemonNombre dataPokemon
SEVERE: Sucedio un error al acceder a la API: com.google.gson.stream.MalformedJsonException: Use JsonReader.setLenient(true) to accept malformed JSON at line 1 column 6 path $
nov 29, 2023 9:54:54 A. M. PokemonNombre dataPokemon
SEVERE: Sucedio un error al acceder a la API: com.google.gson.stream.MalformedJsonException: Use JsonReader.setLenient(true) to accept malformed JSON at line 1 column 6 path $
nov 29, 2023 10:30:45 A. M. PokemonNombre dataPokemon
SEVERE: Sucedio un error al acceder a la API: com.google.gson.stream.MalformedJsonException: Use JsonReader.setLenient(true) to accept malformed JSON at line 1 column 6 path $
nov 29, 2023 10:30:48 A. M. PokemonNombre dataPokemon
SEVERE: Sucedio un error al acceder a la API: com.google.gson.stream.MalformedJsonException: Use JsonReader.setLenient(true) to accept malformed JSON at line 1 column 6 path $
nov 29, 2023 10:32:07 A. M. PokemonNombre dataPokemon
SEVERE: Sucedio un error al acceder a la API: com.google.gson.stream.MalformedJsonException: Use JsonReader.setLenient(true) to accept malformed JSON at line 1 column 6 path $
nov 29, 2023 10:32:08 A. M. PokemonNombre dataPokemon
SEVERE: Sucedio un error al acceder a la API: com.google.gson.stream.MalformedJsonException: Use JsonReader.setLenient(true) to accept malformed JSON at line 1 column 6 path $
nov 29, 2023 10:32:54 A. M. PokemonNombre dataPokemon
SEVERE: Sucedio un error al acceder a la API: com.google.gson.stream.MalformedJsonException: Use JsonReader.setLenient(true) to accept malformed JSON at line 1 column 6 path $
nov 29, 2023 10:32:55 A. M. PokemonNombre dataPokemon
SEVERE: Sucedio un error al acceder a la API: com.google.gson.stream.MalformedJsonException: Use JsonReader.setLenient(true) to accept malformed JSON at line 1 column 6 path $
nov 29, 2023 10:53:03 A. M. PokemonNombre dataPokemon
SEVERE: Error al obtener las URLs: Cannot invoke "com.google.gson.JsonElement.getAsString()" because the return value of "com.google.gson.JsonObject.get(String)" is null
nov 29, 2023 10:53:03 A. M. PokemonNombre dataPokemon
SEVERE: Error al obtener las URLs: Cannot invoke "com.google.gson.JsonElement.getAsString()" because the return value of "com.google.gson.JsonObject.get(String)" is null
nov 29, 2023 10:53:08 A. M. PokemonNombre dataPokemon
SEVERE: Error al obtener las URLs: Cannot invoke "com.google.gson.JsonElement.getAsString()" because the return value of "com.google.gson.JsonObject.get(String)" is null
nov 29, 2023 10:53:08 A. M. PokemonNombre dataPokemon
SEVERE: Error al obtener las URLs: Cannot invoke "com.google.gson.JsonElement.getAsString()" because the return value of "com.google.gson.JsonObject.get(String)" is null
nov 29, 2023 10:53:26 A. M. PokemonNombre dataPokemon
SEVERE: Sucedio un error al acceder a la API: JsonNull
nov 29, 2023 10:53:26 A. M. PokemonNombre dataPokemon
SEVERE: Sucedio un error al acceder a la API: JsonNull
nov 29, 2023 10:53:38 A. M. PokemonNombre dataPokemon
SEVERE: Sucedio un error al acceder a la API: JsonNull
nov 29, 2023 10:53:39 A. M. PokemonNombre dataPokemon
SEVERE: Sucedio un error al acceder a la API: JsonNull
nov 29, 2023 10:53:48 A. M. PokemonNombre dataPokemon
SEVERE: Sucedio un error al acceder a la API: JsonNull
nov 29, 2023 10:53:48 A. M. PokemonNombre dataPokemon
SEVERE: Sucedio un error al acceder a la API: JsonNull
nov 29, 2023 10:54:00 A. M. PokemonNombre dataPokemon
SEVERE: Sucedio un error al acceder a la API: JsonNull
nov 29, 2023 10:54:00 A. M. PokemonNombre dataPokemon
SEVERE: Sucedio un error al acceder a la API: JsonNull
nov 29, 2023 10:57:03 A. M. PokemonNombre dataPokemon
SEVERE: Sucedio un error al acceder a la API: bound must be positive
nov 29, 2023 11:09:09 A. M. PokemonNombre dataPokemon
SEVERE: Sucedio un error al acceder a la API: com.google.gson.stream.MalformedJsonException: Use JsonReader.setLenient(true) to accept malformed JSON at line 1 column 6 path $
nov 29, 2023 11:09:11 A. M. PokemonNombre dataPokemon
SEVERE: Sucedio un error al acceder a la API: com.google.gson.stream.MalformedJsonException: Use JsonReader.setLenient(true) to accept malformed JSON at line 1 column 6 path $
